2022-12-06 22:12:11,982 - SEMI2_PRACTICA1 - INFO - Setting things up
2022-12-06 22:12:11,990 - SEMI2_PRACTICA1 - INFO - Database server information: 8.0.30
2022-12-06 22:15:21,382 - SEMI2_PRACTICA1 - INFO - Setting things up
2022-12-06 22:15:35,205 - SEMI2_PRACTICA1 - INFO - Setting things up
2022-12-06 22:15:35,212 - SEMI2_PRACTICA1 - INFO - Database server information: socket localhost:3306
2022-12-06 22:16:20,508 - SEMI2_PRACTICA1 - INFO - Setting things up
2022-12-06 22:16:20,516 - SEMI2_PRACTICA1 - INFO - Database server information: {'HOST': 'localhost', 'USER': 'semi2', 'PASS': 'Idania4213.', 'DATABASE': 'practica1'}
2022-12-06 22:17:06,551 - SEMI2_PRACTICA1 - INFO - Setting things up
2022-12-06 22:17:06,558 - SEMI2_PRACTICA1 - INFO - Database server information: {'HOST': 'localhost', 'USER': 'semi2', 'PASS': 'Idania4213.', 'DATABASE': 'practica1'}
2022-12-07 02:07:43,472 - SEMI2_PRACTICA1 - INFO - Setting things up
2022-12-07 02:07:43,484 - SEMI2_PRACTICA1 - INFO - Database server information: {'HOST': 'localhost', 'USER': 'semi2', 'PASS': 'Idania4213.', 'DATABASE': 'practica1'}
2022-12-07 02:07:43,485 - SEMI2_PRACTICA1 - INFO - Starting process
2022-12-07 02:07:43,485 - SEMI2_PRACTICA1 - INFO - Deleting tables
2022-12-07 02:12:14,372 - SEMI2_PRACTICA1 - INFO - Setting things up
2022-12-07 02:12:14,380 - SEMI2_PRACTICA1 - INFO - Database server information: {'HOST': 'localhost', 'USER': 'semi2', 'PASS': 'Idania4213.', 'DATABASE': 'practica1'}
2022-12-07 02:12:14,380 - SEMI2_PRACTICA1 - INFO - Starting process
2022-12-07 02:12:14,381 - SEMI2_PRACTICA1 - INFO - Deleting tables
2022-12-07 02:12:44,892 - SEMI2_PRACTICA1 - INFO - Setting things up
2022-12-07 02:12:44,898 - SEMI2_PRACTICA1 - INFO - Database server information: {'HOST': 'localhost', 'USER': 'semi2', 'PASS': 'Idania4213.', 'DATABASE': 'practica1'}
2022-12-07 02:12:44,898 - SEMI2_PRACTICA1 - INFO - Starting process
2022-12-07 02:12:44,898 - SEMI2_PRACTICA1 - INFO - Deleting tables
2022-12-07 02:13:09,016 - SEMI2_PRACTICA1 - INFO - Setting things up
2022-12-07 02:13:09,023 - SEMI2_PRACTICA1 - INFO - Database server information: {'HOST': 'localhost', 'USER': 'semi2', 'PASS': 'Idania4213.', 'DATABASE': 'practica1'}
2022-12-07 02:13:09,023 - SEMI2_PRACTICA1 - INFO - Starting process
2022-12-07 02:13:09,023 - SEMI2_PRACTICA1 - INFO - Deleting tables
2022-12-07 02:14:10,807 - SEMI2_PRACTICA1 - INFO - Setting things up
2022-12-07 02:14:10,814 - SEMI2_PRACTICA1 - INFO - Database server information: {'HOST': 'localhost', 'USER': 'semi2', 'PASS': 'Idania4213.', 'DATABASE': 'practica1'}
2022-12-07 02:14:10,815 - SEMI2_PRACTICA1 - INFO - Starting process
2022-12-07 02:14:10,815 - SEMI2_PRACTICA1 - INFO - Deleting tables
2022-12-07 02:16:46,894 - SEMI2_PRACTICA1 - INFO - Setting things up
2022-12-07 02:16:46,901 - SEMI2_PRACTICA1 - INFO - Database server information: {'HOST': 'localhost', 'USER': 'semi2', 'PASS': 'Idania4213.', 'DATABASE': 'practica1'}
2022-12-07 02:16:46,901 - SEMI2_PRACTICA1 - INFO - Starting process
2022-12-07 02:16:46,901 - SEMI2_PRACTICA1 - INFO - Deleting tables
2022-12-07 02:17:17,046 - SEMI2_PRACTICA1 - INFO - Setting things up
2022-12-07 02:17:17,053 - SEMI2_PRACTICA1 - INFO - Database server information: {'HOST': 'localhost', 'USER': 'semi2', 'PASS': 'Idania4213.', 'DATABASE': 'practica1'}
2022-12-07 02:17:17,053 - SEMI2_PRACTICA1 - INFO - Starting process
2022-12-07 02:17:17,053 - SEMI2_PRACTICA1 - INFO - Deleting tables
2022-12-07 02:17:17,056 - SEMI2_PRACTICA1 - INFO - Tables deleted
2022-12-07 02:17:17,057 - SEMI2_PRACTICA1 - INFO - Creating tables
2022-12-07 02:19:41,942 - SEMI2_PRACTICA1 - INFO - Setting things up
2022-12-07 02:19:41,948 - SEMI2_PRACTICA1 - INFO - Database server information: {'HOST': 'localhost', 'USER': 'semi2', 'PASS': 'Idania4213.', 'DATABASE': 'practica1'}
2022-12-07 02:19:41,948 - SEMI2_PRACTICA1 - INFO - Starting process
2022-12-07 02:19:41,949 - SEMI2_PRACTICA1 - INFO - Deleting tables
2022-12-07 02:19:41,951 - SEMI2_PRACTICA1 - INFO - Tables deleted
2022-12-07 02:19:41,951 - SEMI2_PRACTICA1 - INFO - Creating tables
